0 info it worked if it ends with ok
1 verbose cli [ 'C:\\Program Files\\nodejs\\node.exe',
1 verbose cli   'C:\\Program Files\\nodejs\\node_modules\\npm\\bin\\npm-cli.js',
1 verbose cli   'run',
1 verbose cli   'build-debug' ]
2 info using npm@3.10.10
3 info using node@v6.10.1
4 verbose run-script [ 'prebuild-debug', 'build-debug', 'postbuild-debug' ]
5 info lifecycle crystal-quartz.application.client@0.0.0~prebuild-debug: crystal-quartz.application.client@0.0.0
6 silly lifecycle crystal-quartz.application.client@0.0.0~prebuild-debug: no script for prebuild-debug, continuing
7 info lifecycle crystal-quartz.application.client@0.0.0~build-debug: crystal-quartz.application.client@0.0.0
8 verbose lifecycle crystal-quartz.application.client@0.0.0~build-debug: unsafe-perm in lifecycle true
9 verbose lifecycle crystal-quartz.application.client@0.0.0~build-debug: PATH: C:\Program Files\nodejs\node_modules\npm\bin\node-gyp-bin;E:\Projects\OpenSource\CrystalQuartz\src\CrystalQuartz.Application.Client\node_modules\.bin;C:\Program Files\ConEmu\ConEmu\Scripts;C:\Program Files\ConEmu;C:\Program Files\ConEmu\ConEmu;C:\ProgramData\Oracle\Java\javapath;C:\Program Files (x86)\Intel\iCLS Client\;C:\Program Files\Intel\iCLS Client\;C:\Windows\system32;C:\Windows;C:\Windows\System32\Wbem;C:\Windows\System32\WindowsPowerShell\v1.0\;C:\Program Files\Intel\WiFi\bin\;C:\Program Files\Common Files\Intel\WirelessCommon\;C:\Program Files\ThinkPad\Bluetooth Software\;C:\Program Files\ThinkPad\Bluetooth Software\syswow64;C:\Program Files\Intel\Intel(R) Management Engine Components\DAL;C:\Program Files\Intel\Intel(R) Management Engine Components\IPT;C:\Program Files (x86)\Intel\Intel(R) Management Engine Components\DAL;C:\Program Files (x86)\Intel\Intel(R) Management Engine Components\IPT;C:\Program Files (x86)\Intel\OpenCL SDK\2.0\bin\x86;C:\Program Files (x86)\Intel\OpenCL SDK\2.0\bin\x64;C:\Program Files (x86)\Common Files\Ulead Systems\MPEG;C:\Program Files (x86)\Common Files\Lenovo;C:\Program Files (x86)\Windows Kits\8.1\Windows Performance Toolkit\;C:\Program Files\Microsoft SQL Server\110\Tools\Binn\;C:\Program Files (x86)\Microsoft SQL Server\100\Tools\Binn\;C:\Program Files\Microsoft SQL Server\100\Tools\Binn\;C:\Program Files\Microsoft SQL Server\100\DTS\Binn\;C:\Program Files (x86)\Microsoft SQL Server\100\Tools\Binn\VSShell\Common7\IDE\;C:\Program Files (x86)\Microsoft Visual Studio 9.0\Common7\IDE\PrivateAssemblies\;C:\Program Files (x86)\Microsoft SQL Server\100\DTS\Binn\;C:\Program Files\Microsoft\Web Platform Installer\;C:\Program Files\TortoiseGit\bin;C:\Program Files (x86)\Common Files\Acronis\SnapAPI\;C:\Program Files\TortoiseSVN\bin;c:\Program Files (x86)\Microsoft ASP.NET\ASP.NET Web Pages\v1.0\;C:\Program Files\Microsoft SQL Server\120\Tools\Binn\;C:\Program Files (x86)\Microsoft SDKs\TypeScript\2.1\;C:\Users\Eugene\.dnx\bin;C:\Program Files\Microsoft DNX\Dnvm\;C:\Program Files (x86)\Skype\Phone\;C:\Program Files\Microsoft SQL Server\130\Tools\Binn\;C:\Program Files\dotnet\;C:\Program Files\Git\cmd;C:\Program Files\nodejs\;C:\Program Files\Amazon\AWSCLI\;C:\Ruby22-x64\bin;C:\Program Files\Microsoft DNX\Dnvm\;C:\Program Files\gs\gs9.19\bin;C:\Program Files\gs\gs9.19\lib;C:\Program Files (x86)\Nmap;C:\Users\Eugene\AppData\Roaming\npm
10 verbose lifecycle crystal-quartz.application.client@0.0.0~build-debug: CWD: E:\Projects\OpenSource\CrystalQuartz\src\CrystalQuartz.Application.Client
11 silly lifecycle crystal-quartz.application.client@0.0.0~build-debug: Args: [ '/d /s /c', 'webpack' ]
12 silly lifecycle crystal-quartz.application.client@0.0.0~build-debug: Returned: code: 2  signal: null
13 info lifecycle crystal-quartz.application.client@0.0.0~build-debug: Failed to exec build-debug script
14 verbose stack Error: crystal-quartz.application.client@0.0.0 build-debug: `webpack`
14 verbose stack Exit status 2
14 verbose stack     at EventEmitter.<anonymous> (C:\Program Files\nodejs\node_modules\npm\lib\utils\lifecycle.js:255:16)
14 verbose stack     at emitTwo (events.js:106:13)
14 verbose stack     at EventEmitter.emit (events.js:191:7)
14 verbose stack     at ChildProcess.<anonymous> (C:\Program Files\nodejs\node_modules\npm\lib\utils\spawn.js:40:14)
14 verbose stack     at emitTwo (events.js:106:13)
14 verbose stack     at ChildProcess.emit (events.js:191:7)
14 verbose stack     at maybeClose (internal/child_process.js:886:16)
14 verbose stack     at Process.ChildProcess._handle.onexit (internal/child_process.js:226:5)
15 verbose pkgid crystal-quartz.application.client@0.0.0
16 verbose cwd E:\Projects\OpenSource\CrystalQuartz\src\CrystalQuartz.Application.Client
17 error Windows_NT 6.1.7601
18 error argv "C:\\Program Files\\nodejs\\node.exe" "C:\\Program Files\\nodejs\\node_modules\\npm\\bin\\npm-cli.js" "run" "build-debug"
19 error node v6.10.1
20 error npm  v3.10.10
21 error code ELIFECYCLE
22 error crystal-quartz.application.client@0.0.0 build-debug: `webpack`
22 error Exit status 2
23 error Failed at the crystal-quartz.application.client@0.0.0 build-debug script 'webpack'.
23 error Make sure you have the latest version of node.js and npm installed.
23 error If you do, this is most likely a problem with the crystal-quartz.application.client package,
23 error not with npm itself.
23 error Tell the author that this fails on your system:
23 error     webpack
23 error You can get information on how to open an issue for this project with:
23 error     npm bugs crystal-quartz.application.client
23 error Or if that isn't available, you can get their info via:
23 error     npm owner ls crystal-quartz.application.client
23 error There is likely additional logging output above.
24 verbose exit [ 1, true ]
